2019-11-26T22:14:52.826599Z 0 [Warning] Insecure configuration for --secure-file-priv: Current value does not restrict location of generated files. Consider setting it to a valid, non-empty path.
2019-11-26T22:14:52.826599Z 0 [ERROR] Cannot open Windows EventLog; check privileges, or start server with --log_syslog=0
2019-11-26T22:14:52.826599Z 0 [Note] C:\Users\Alexis\Desktop\laragon\bin\mysql\mysql-5.7.24-winx64\bin\mysqld (mysqld 5.7.24) starting as process 6968 ...
2019-11-26T22:14:52.847600Z 0 [Note] InnoDB: Mutexes and rw_locks use Windows interlocked functions
2019-11-26T22:14:52.848600Z 0 [Note] InnoDB: Uses event mutexes
2019-11-26T22:14:52.848600Z 0 [Note] InnoDB: _mm_lfence() and _mm_sfence() are used for memory barrier
2019-11-26T22:14:52.848600Z 0 [Note] InnoDB: Compressed tables use zlib 1.2.11
2019-11-26T22:14:52.849600Z 0 [Note] InnoDB: Number of pools: 1
2019-11-26T22:14:52.849600Z 0 [Note] InnoDB: Not using CPU crc32 instructions
2019-11-26T22:14:52.851600Z 0 [Note] InnoDB: Initializing buffer pool, total size = 128M, instances = 1, chunk size = 128M
2019-11-26T22:14:52.858601Z 0 [Note] InnoDB: Completed initialization of buffer pool
2019-11-26T22:14:52.916604Z 0 [Note] InnoDB: Highest supported file format is Barracuda.
2019-11-26T22:14:53.006609Z 0 [Note] InnoDB: Creating shared tablespace for temporary tables
2019-11-26T22:14:53.007609Z 0 [Note] InnoDB: Setting file '.\ibtmp1' size to 12 MB. Physically writing the file full; Please wait ...
2019-11-26T22:14:53.328628Z 0 [Note] InnoDB: File '.\ibtmp1' size is now 12 MB.
2019-11-26T22:14:53.331628Z 0 [Note] InnoDB: 96 redo rollback segment(s) found. 96 redo rollback segment(s) are active.
2019-11-26T22:14:53.331628Z 0 [Note] InnoDB: 32 non-redo rollback segment(s) are active.
2019-11-26T22:14:53.332628Z 0 [Note] InnoDB: 5.7.24 started; log sequence number 2593018
2019-11-26T22:14:53.332628Z 0 [Note] InnoDB: Loading buffer pool(s) from C:\Users\Alexis\Desktop\laragon\www\Secapp\mysql\ib_buffer_pool
2019-11-26T22:14:53.332628Z 0 [Note] Plugin 'FEDERATED' is disabled.
2019-11-26T22:14:53.452635Z 0 [Warning] Failed to set up SSL because of the following SSL library error: SSL context is not usable without certificate and private key
2019-11-26T22:14:53.453635Z 0 [Note] Server hostname (bind-address): '*'; port: 3306
2019-11-26T22:14:53.453635Z 0 [Note] IPv6 is available.
2019-11-26T22:14:53.453635Z 0 [Note]   - '::' resolves to '::';
2019-11-26T22:14:53.453635Z 0 [Note] Server socket created on IP: '::'.
2019-11-26T22:14:53.673647Z 0 [Note] Event Scheduler: Loaded 0 events
2019-11-26T22:14:53.673647Z 0 [Note] C:\Users\Alexis\Desktop\laragon\bin\mysql\mysql-5.7.24-winx64\bin\mysqld: ready for connections.
Version: '5.7.24'  socket: ''  port: 3306  MySQL Community Server (GPL)
2019-11-26T22:14:53.777653Z 0 [Note] InnoDB: Buffer pool(s) load completed at 191126 19:14:53
